<?xml version="1.0" encoding="UTF-8"?>
<!-- Generated by org.testng.reporters.JUnitReportReporter -->
<testsuite hostname="IN-8DMZ9K3" failures="0" tests="2" name="academy.homePage" time="26.509" errors="0" timestamp="2022-08-05T21:03:37 IST" skipped="0">
  <testcase classname="academy.homePage" name="basePageNavigation" time="14.597"/>
  <system-out/>
  <testcase classname="academy.homePage" name="basePageNavigation" time="11.912"/>
  <system-out/>
</testsuite> <!-- academy.homePage -->
