<?xml version="1.0" encoding="UTF-8"?>
<!-- Generated by org.testng.reporters.JUnitReportReporter -->
<testsuite hostname="IN-8DMZ9K3" failures="0" tests="1" name="academy.ValidateNavBar" time="7.801" errors="0" timestamp="2022-08-14T23:17:01 IST" skipped="0">
  <testcase classname="academy.ValidateNavBar" name="ValidateNavBar" time="7.801"/>
  <system-out/>
</testsuite> <!-- academy.ValidateNavBar -->
